<?xml version="1.0" encoding="UTF-8"?>
<testsuite xmlns:xsi="http://www.w3.org/2001/XMLSchema-instance" xsi:noNamespaceSchemaLocation="https://maven.apache.org/surefire/maven-surefire-plugin/xsd/surefire-test-report.xsd" name="TestSuite" time="13.041" tests="11" errors="0" skipped="4" failures="1">
  <properties>
    <property name="java.specification.version" value="15"/>
    <property name="sun.jnu.encoding" value="UTF-8"/>
    <property name="java.class.path" value="/usr/local/Cellar/maven/3.6.3_1/libexec/boot/plexus-classworlds-2.6.0.jar"/>
    <property name="java.vm.vendor" value="Oracle Corporation"/>
    <property name="sun.arch.data.model" value="64"/>
    <property name="java.vendor.url" value="https://openjdk.java.net/"/>
    <property name="user.timezone" value="America/Los_Angeles"/>
    <property name="maven.conf" value="/usr/local/Cellar/maven/3.6.3_1/libexec/conf"/>
    <property name="java.vm.specification.version" value="15"/>
    <property name="os.name" value="Mac OS X"/>
    <property name="sun.java.launcher" value="SUN_STANDARD"/>
    <property name="user.country" value="US"/>
    <property name="sun.boot.library.path" value="/usr/local/Cellar/openjdk/15.0.1/libexec/openjdk.jdk/Contents/Home/lib"/>
    <property name="sun.java.command" value="org.codehaus.plexus.classworlds.launcher.Launcher clean install"/>
    <property name="http.nonProxyHosts" value="local|*.local|169.254/16|*.169.254/16"/>
    <property name="jdk.debug" value="release"/>
    <property name="maven.home" value="/usr/local/Cellar/maven/3.6.3_1/libexec"/>
    <property name="sun.cpu.endian" value="little"/>
    <property name="user.home" value="/Users/mac"/>
    <property name="user.language" value="en"/>
    <property name="java.specification.vendor" value="Oracle Corporation"/>
    <property name="java.version.date" value="2020-10-20"/>
    <property name="java.home" value="/usr/local/Cellar/openjdk/15.0.1/libexec/openjdk.jdk/Contents/Home"/>
    <property name="file.separator" value="/"/>
    <property name="java.vm.compressedOopsMode" value="Zero based"/>
    <property name="line.separator" value="&#10;"/>
    <property name="java.vm.specification.vendor" value="Oracle Corporation"/>
    <property name="java.specification.name" value="Java Platform API Specification"/>
    <property name="sun.management.compiler" value="HotSpot 64-Bit Tiered Compilers"/>
    <property name="ftp.nonProxyHosts" value="local|*.local|169.254/16|*.169.254/16"/>
    <property name="java.runtime.version" value="15.0.1+9"/>
    <property name="user.name" value="mac"/>
    <property name="path.separator" value=":"/>
    <property name="os.version" value="11.0.1"/>
    <property name="java.runtime.name" value="OpenJDK Runtime Environment"/>
    <property name="file.encoding" value="UTF-8"/>
    <property name="guice.disable.misplaced.annotation.check" value="true"/>
    <property name="java.vm.name" value="OpenJDK 64-Bit Server VM"/>
    <property name="java.vendor.url.bug" value="https://bugreport.java.com/bugreport/"/>
    <property name="java.io.tmpdir" value="/var/folders/gt/8tjw9sj151qcwjz557d8y3s40000gn/T/"/>
    <property name="java.version" value="15.0.1"/>
    <property name="user.dir" value="/Volumes/Giana/Eclipse-Project/OrangeHRM_POM_Nov_15_2020"/>
    <property name="os.arch" value="x86_64"/>
    <property name="maven.multiModuleProjectDirectory" value="/Volumes/Giana/Eclipse-Project/OrangeHRM_POM_Nov_15_2020"/>
    <property name="java.vm.specification.name" value="Java Virtual Machine Specification"/>
    <property name="java.library.path" value="/Users/mac/Library/Java/Extensions:/Library/Java/Extensions:/Network/Library/Java/Extensions:/System/Library/Java/Extensions:/usr/lib/java:."/>
    <property name="java.vm.info" value="mixed mode, sharing"/>
    <property name="java.vendor" value="N/A"/>
    <property name="java.vm.version" value="15.0.1+9"/>
    <property name="classworlds.conf" value="/usr/local/Cellar/maven/3.6.3_1/libexec/bin/m2.conf"/>
    <property name="sun.io.unicode.encoding" value="UnicodeBig"/>
    <property name="library.jansi.path" value="/usr/local/Cellar/maven/3.6.3_1/libexec/lib/jansi-native"/>
    <property name="socksNonProxyHosts" value="local|*.local|169.254/16|*.169.254/16"/>
    <property name="java.class.version" value="59.0"/>
  </properties>
  <testcase name="verifyForgotPasswrodLink" classname="com.qa.orangeHRM.tests.LoginPageTest" time="0.336"/>
  <testcase name="verifyForgotPasswrodLink" classname="com.qa.orangeHRM.tests.LoginPageTest" time="0.089"/>
  <testcase name="verifyLoginPageTitle" classname="com.qa.orangeHRM.tests.LoginPageTest" time="0.024"/>
  <testcase name="verifyLoginPageTitle" classname="com.qa.orangeHRM.tests.LoginPageTest" time="0.009"/>
  <testcase name="loginTest" classname="com.qa.orangeHRM.tests.LoginPageTest" time="2.134"/>
  <testcase name="loginTest" classname="com.qa.orangeHRM.tests.LoginPageTest" time="1.729"/>
  <testcase name="homePageSetup" classname="com.qa.orangeHRM.tests.HomePageTest" time="0.105">
    <failure message="Cannot invoke &quot;java.util.Properties.getProperty(String)&quot; because &quot;this.prop&quot; is null" type="java.lang.NullPointerException">java.lang.NullPointerException: Cannot invoke "java.util.Properties.getProperty(String)" because "this.prop" is null
	at com.qa.orangeHRM.tests.HomePageTest.homePageSetup(HomePageTest.java:15)
</failure>
    <system-out><![CDATA[I am in onTestSuccess method verifyForgotPasswrodLink succeed
verifyForgotPasswrodLink passed!
]]></system-out>
  </testcase>
  <testcase name="verifyHomePageTitle" classname="com.qa.orangeHRM.tests.HomePageTest" time="0">
    <skipped message="Cannot invoke &quot;java.util.Properties.getProperty(String)&quot; because &quot;this.prop&quot; is null"/>
    <system-out><![CDATA[I am in onTestSkipped method verifyHomePageTitle skipped
]]></system-out>
  </testcase>
  <testcase name="HomePageHeaderTest" classname="com.qa.orangeHRM.tests.HomePageTest" time="0">
    <skipped message="Cannot invoke &quot;java.util.Properties.getProperty(String)&quot; because &quot;this.prop&quot; is null"/>
    <system-out><![CDATA[I am in onTestSuccess method verifyLoginPageTitle succeed
verifyLoginPageTitle passed!
I am in onTestSkipped method HomePageHeaderTest skipped
]]></system-out>
  </testcase>
  <testcase name="UserAccountNameTest" classname="com.qa.orangeHRM.tests.HomePageTest" time="0">
    <skipped message="Cannot invoke &quot;java.util.Properties.getProperty(String)&quot; because &quot;this.prop&quot; is null"/>
    <system-out><![CDATA[I am in onTestSuccess method loginTest succeed
loginTest passed!
I am in onTestSkipped method UserAccountNameTest skipped
]]></system-out>
  </testcase>
  <testcase name="NotificationIconTest" classname="com.qa.orangeHRM.tests.HomePageTest" time="0">
    <skipped message="Cannot invoke &quot;java.util.Properties.getProperty(String)&quot; because &quot;this.prop&quot; is null"/>
    <system-out><![CDATA[I am in onTestSkipped method UserAccountNameTest skipped
UserAccountNameTest skipped!
I am in onTestSkipped method NotificationIconTest skipped
]]></system-out>
  </testcase>
</testsuite>