<?xml version="1.0" encoding="UTF-8"?>
<!-- Generated by org.testng.reporters.JUnitReportReporter -->
<testsuite skipped="0" hostname="Gilberts-MacBook-Pro.local" name="com.qa.orangeHRM.tests.LoginPageTest" tests="6" failures="0" timestamp="30 Nov 2020 03:09:28 GMT" time="3.974" errors="0">
  <testcase name="verifyForgotPasswrodLink" time="0.404" classname="com.qa.orangeHRM.tests.LoginPageTest"/>
  <testcase name="verifyForgotPasswrodLink" time="0.076" classname="com.qa.orangeHRM.tests.LoginPageTest"/>
  <testcase name="verifyLoginPageTitle" time="0.074" classname="com.qa.orangeHRM.tests.LoginPageTest"/>
  <testcase name="verifyLoginPageTitle" time="0.011" classname="com.qa.orangeHRM.tests.LoginPageTest"/>
  <testcase name="loginTest" time="1.369" classname="com.qa.orangeHRM.tests.LoginPageTest"/>
  <testcase name="loginTest" time="2.040" classname="com.qa.orangeHRM.tests.LoginPageTest"/>
</testsuite> <!-- com.qa.orangeHRM.tests.LoginPageTest -->
