<?xml version="1.0" encoding="UTF-8"?>
<!-- Generated by org.testng.reporters.JUnitReportReporter -->
<testsuite hostname="Gilberts-MacBook-Pro.local" failures="0" tests="6" name="com.qa.orangeHRM.tests.LoginPageTest" time="4.320" errors="0" timestamp="29 Nov 2020 04:55:07 GMT" skipped="0">
  <testcase classname="com.qa.orangeHRM.tests.LoginPageTest" name="verifyForgotPasswrodLink" time="0.090"/>
  <testcase classname="com.qa.orangeHRM.tests.LoginPageTest" name="verifyForgotPasswrodLink" time="0.335"/>
  <testcase classname="com.qa.orangeHRM.tests.LoginPageTest" name="verifyLoginPageTitle" time="0.024"/>
  <testcase classname="com.qa.orangeHRM.tests.LoginPageTest" name="verifyLoginPageTitle" time="0.009"/>
  <testcase classname="com.qa.orangeHRM.tests.LoginPageTest" name="loginTest" time="1.729"/>
  <testcase classname="com.qa.orangeHRM.tests.LoginPageTest" name="loginTest" time="2.133"/>
</testsuite> <!-- com.qa.orangeHRM.tests.LoginPageTest -->
